2022-09-19 15:09:08,751 - FCM_RBF.py[line:118] - INFO: 最终神经元参数:
中心向量:[[0.5209276  0.93092874 0.3903626  1.13432205]
 [0.63191371 0.91576103 0.46032201 0.88974572]
 [0.67900548 0.93426902 0.67593858 1.05470685]
 [0.58018721 0.8788545  0.58074429 1.15519029]
 [0.91781575 0.939249   1.05856263 0.78941427]]
宽度:[0.39382066 0.86881516 0.60619907 0.27491599 0.24149074]
权重:[1.11328936 1.12596404 0.83830414 0.70887663 1.03193725]
2022-09-19 15:09:08,752 - FCM_RBF.py[line:105] - INFO: 平均绝对误差:0.05272226689920364,均方根误差:0.06715894280430025, r2:0.959081925201787
2022-09-19 15:09:08,752 - FCM_RBF.py[line:106] - INFO: -----------------------------------------------------------------------
2022-09-19 15:09:31,363 - FCM_RBF.py[line:118] - INFO: 最终神经元参数:
中心向量:[[0.89427499 0.93185122 1.04426098 0.9436423 ]
 [0.89662051 0.96880507 0.99161201 0.97065708]
 [0.51835681 0.88145091 0.3863798  1.06111948]
 [0.6159577  0.92621052 0.62923753 1.25903447]
 [0.66186881 0.93658541 0.5852316  1.06004726]]
宽度:[0.25596354 0.98676816 0.28896729 0.48858682 0.90596834]
权重:[0.7270594  0.97775205 1.11163961 0.80584299 0.91531664]
2022-09-19 15:09:31,366 - FCM_RBF.py[line:105] - INFO: 平均绝对误差:0.05233428855579767,均方根误差:0.06763509296981365, r2:0.9570686197389795
2022-09-19 15:09:31,366 - FCM_RBF.py[line:106] - INFO: -----------------------------------------------------------------------
2022-09-19 15:24:18,491 - FCM_RBF.py[line:118] - INFO: 最终神经元参数:
中心向量:[[0.92291826 0.93810423 1.0397794  0.81489502]
 [0.52148313 0.89757751 0.45824562 1.16227373]
 [0.83940402 0.96598112 0.9315186  1.0109836 ]
 [0.61602382 0.93833338 0.55337282 1.12745796]
 [0.6444075  0.90029709 0.3942351  0.76087033]]
宽度:[0.20987826 0.34924587 0.71230781 0.77711855 0.74753949]
权重:[0.72797192 1.58399058 0.78981311 1.20204929 0.32772346]
2022-09-19 15:24:18,493 - FCM_RBF.py[line:105] - INFO: 平均绝对误差:0.06772949742255131,均方根误差:0.08448304433154485, r2:0.9371217488515973
2022-09-19 15:24:18,493 - FCM_RBF.py[line:106] - INFO: -----------------------------------------------------------------------
2022-09-19 15:25:34,988 - FCM_RBF.py[line:118] - INFO: 最终神经元参数:
中心向量:[[0.68045638 0.93667673 0.59832232 0.98058278]
 [0.91073776 0.99547778 1.1394433  1.0175345 ]
 [0.69331683 0.94487747 0.71488865 1.12594979]
 [0.51663307 0.9244212  0.27298622 0.94033411]
 [0.5492174  0.8488776  0.72197649 1.23296855]]
宽度:[1.06468004 0.33672243 1.06637881 0.2771308  0.37657765]
权重:[0.73472528 1.16704209 1.08001532 0.88060188 1.46559375]
2022-09-19 15:25:34,988 - FCM_RBF.py[line:105] - INFO: 平均绝对误差:0.07541106833489654,均方根误差:0.09077076600128348, r2:0.9257384023094012
2022-09-19 15:25:34,989 - FCM_RBF.py[line:106] - INFO: -----------------------------------------------------------------------
2022-09-19 15:26:03,655 - FCM_RBF.py[line:118] - INFO: 最终神经元参数:
中心向量:[[0.90338145 0.93795273 1.07147218 0.86223736]
 [0.62708558 0.90172459 0.39344639 0.81123027]
 [0.54838284 0.88547652 0.50665274 1.13780632]
 [0.71630008 0.93662924 0.71831417 1.05283934]
 [0.5142457  0.90010998 0.44204332 1.1524131 ]]
宽度:[0.25308838 0.93640973 0.31989107 0.82709974 0.35802018]
权重:[1.09789694 0.73185286 0.72968723 1.13294801 1.14450647]
2022-09-19 15:26:03,655 - FCM_RBF.py[line:105] - INFO: 平均绝对误差:0.04867391260721023,均方根误差:0.0631686832239073, r2:0.9645743593006679
2022-09-19 15:26:03,655 - FCM_RBF.py[line:106] - INFO: -----------------------------------------------------------------------
2022-09-19 15:46:11,927 - FCM_RBF.py[line:118] - INFO: 最终神经元参数:
中心向量:[[0.53113572 0.91014644 0.3843864  1.06352025]
 [0.52032175 0.89058089 0.52878667 1.18547209]
 [0.89382875 0.93574393 1.07615928 0.91048885]
 [0.79978851 0.929983   0.77656819 0.87835345]
 [0.62286409 0.92230409 0.50405362 0.97920758]]
宽度:[0.31646362 0.36073541 0.26915509 0.91396561 0.95402326]
权重:[0.6222947  1.33787493 1.19657452 0.62395594 1.16912864]
2022-09-19 15:46:11,928 - FCM_RBF.py[line:105] - INFO: 平均绝对误差:0.04984963031416156,均方根误差:0.06433352752335068, r2:0.961534458066094
2022-09-19 15:46:11,928 - FCM_RBF.py[line:106] - INFO: -----------------------------------------------------------------------
2022-09-19 16:04:43,311 - FCM_RBF.py[line:118] - INFO: 最终神经元参数:
中心向量:[[0.69226493 0.98635301 0.77375846 1.27109182]
 [0.9618025  0.96582795 1.01432513 0.78586931]
 [0.53235046 0.88213136 0.30102932 0.95810966]
 [0.61929958 0.9352011  0.54249279 1.16978198]
 [0.73959229 0.93674955 0.97387846 1.30919567]]
宽度:[0.93874852 0.95370737 0.24403659 0.71257909 0.42119923]
权重:[1.44075143 0.46447109 0.85469524 0.51394399 1.44186687]
2022-09-19 16:04:43,312 - FCM_RBF.py[line:105] - INFO: 平均绝对误差:0.054364294452201395,均方根误差:0.07038757576563842, r2:0.9581927845232663
2022-09-19 16:04:43,312 - FCM_RBF.py[line:106] - INFO: -----------------------------------------------------------------------
2022-09-19 16:20:17,406 - FCM_RBF.py[line:118] - INFO: 最终神经元参数:
中心向量:[[0.57993559 0.68810788 0.42544583 0.57910424]
 [1.06445343 0.9409772  1.10412959 0.58604691]
 [0.57293888 0.85073674 0.6501573  1.04466146]
 [0.66002744 0.85245681 0.305825   0.39650849]
 [0.78201143 0.88762717 0.67428749 0.69461179]]
宽度:[ 0.02940511  0.03207793  0.05675104  0.01657547 -0.00474952]
权重:[0.61384164 0.06024762 1.22947202 0.72899501 0.87653172]
2022-09-19 16:20:17,407 - FCM_RBF.py[line:105] - INFO: 平均绝对误差:0.7871099182605885,均方根误差:0.8497485787526937, r2:-5.575443661447791
2022-09-19 16:20:17,407 - FCM_RBF.py[line:106] - INFO: -----------------------------------------------------------------------
2022-09-19 16:21:30,092 - FCM_RBF.py[line:118] - INFO: 最终神经元参数:
中心向量:[[0.47589958 0.87983003 0.27492519 1.0413478 ]
 [0.45227916 0.92112363 0.41145859 1.32552311]
 [0.62366054 0.92440913 0.49264563 0.98859687]
 [0.79530336 0.98029019 0.96959974 1.19465645]
 [0.91227913 1.01373878 1.17333686 1.12764716]]
宽度:[0.30355597 0.56843306 0.89650729 0.6866767  0.70946208]
权重:[0.70732744 1.28902774 0.63700389 0.79405675 1.19367635]
2022-09-19 16:21:30,093 - FCM_RBF.py[line:105] - INFO: 平均绝对误差:0.06004489947839875,均方根误差:0.07679902205990051, r2:0.9465203701188885
2022-09-19 16:21:30,093 - FCM_RBF.py[line:106] - INFO: -----------------------------------------------------------------------
2022-09-19 16:23:35,450 - FCM_RBF.py[line:118] - INFO: 最终神经元参数:
中心向量:[[-7.51722710e+06 -2.99572056e+05 -8.84577414e+06  1.42558429e+07]
 [-3.05306637e+01  1.60436078e+01  2.39292622e+01  6.40072966e+01]
 [-3.86129642e+05  4.80906133e+03  4.29384206e+04  2.06083575e+06]
 [ 5.45051904e+20 -7.76980094e+18  3.86447538e+20 -1.80626532e+21]
 [ 5.23706814e-01  1.05035016e+00  6.93788522e-01  1.57733663e+00]]
宽度:[6.30226062e+05 2.44202967e-02 1.36609066e+03 2.59233117e+03
 4.69826601e-02]
权重:[-1.36390535e+06  5.51108701e-01 -1.16287135e+04 -1.42268940e+09
  1.47939034e+00]
2022-09-19 16:23:35,451 - FCM_RBF.py[line:105] - INFO: 平均绝对误差:2.024046977352446e+18,均方根误差:2.0240469773524462e+18, r2:-3.497720542708526e+37
2022-09-19 16:23:35,451 - FCM_RBF.py[line:106] - INFO: -----------------------------------------------------------------------
2022-09-19 16:23:59,904 - FCM_RBF.py[line:118] - INFO: 最终神经元参数:
中心向量:[[ 4.96891629e+03  8.36521239e+02 -1.08664842e+03 -1.39090475e+04]
 [ 6.03913044e+00  5.52142074e+00 -6.05917471e+00 -6.14387647e+00]
 [ 6.44280019e-01  9.86167781e-01  4.65660767e-01  1.12964386e+00]
 [ 4.20238388e+04  9.84678769e+03  5.03397030e+04  9.08305436e+04]
 [ 6.67854088e-01  8.96681521e-01  2.33492768e-01  4.37823835e-01]]
宽度:[1.20374269e+03 3.83514645e-03 2.58410441e-02 4.00645710e-02
 1.49862864e-02]
权重:[-1.92140780e+03  4.99515770e-01  1.24236739e+00  4.24723683e-01
  7.13062765e-01]
2022-09-19 16:23:59,904 - FCM_RBF.py[line:105] - INFO: 平均绝对误差:3691807.989844791,均方根误差:3691807.9898448056, r2:-125535704542607.89
2022-09-19 16:23:59,905 - FCM_RBF.py[line:106] - INFO: -----------------------------------------------------------------------
2022-09-19 16:24:50,119 - FCM_RBF.py[line:118] - INFO: 最终神经元参数:
中心向量:[[0.47424697 0.87277006 0.30363508 1.06675462]
 [0.96015532 0.9918703  1.07728855 0.89617688]
 [0.59132105 0.98175598 0.64569338 1.38243092]
 [0.8446596  1.0036057  1.07383284 1.24925894]
 [0.57767208 0.94138116 0.47305946 1.2036001 ]]
宽度:[0.29389229 0.87305837 0.79008379 0.61945229 0.69211889]
权重:[0.93294413 0.60743893 1.40752384 1.01328476 0.5510078 ]
2022-09-19 16:24:50,119 - FCM_RBF.py[line:105] - INFO: 平均绝对误差:0.05440883782101857,均方根误差:0.06951371815513209, r2:0.954436680296255
2022-09-19 16:24:50,119 - FCM_RBF.py[line:106] - INFO: -----------------------------------------------------------------------
2022-09-19 17:03:23,924 - FCM_RBF.py[line:118] - INFO: 最终神经元参数:
中心向量:[[0.62810669 0.94736367 0.64347134 1.21085363]
 [0.4708417  0.89080668 0.35179735 1.15413335]
 [0.79957558 0.97006691 0.94099336 1.1445424 ]
 [0.95051064 0.9859458  1.18327602 1.04060249]
 [0.62532319 0.92822622 0.50765108 1.07909986]]
宽度:[0.7910906  0.3604233  0.80329045 0.4139513  0.82482102]
权重:[0.96735322 1.43777384 0.89931869 0.8335308  0.54713208]
2022-09-19 17:03:23,925 - FCM_RBF.py[line:105] - INFO: 平均绝对误差:0.05557789552801469,均方根误差:0.07045680731504984, r2:0.9565712995493982
2022-09-19 17:03:23,925 - FCM_RBF.py[line:106] - INFO: -----------------------------------------------------------------------
2022-09-19 17:04:03,729 - FCM_RBF.py[line:118] - INFO: 最终神经元参数:
中心向量:[[0.60840046 0.93494674 0.59690546 1.17814358]
 [0.65495715 0.92030134 0.48893496 0.87804241]
 [0.89919441 0.96082496 0.77799297 0.65360855]
 [0.51763275 0.89743575 0.46120154 1.16011043]
 [0.91625805 0.93914584 1.09345587 0.8479687 ]]
宽度:[0.59484072 1.09037413 0.00547628 0.34592019 0.25955225]
权重:[1.09180846 1.12604782 0.96946132 1.50661859 1.10288987]
2022-09-19 17:04:03,730 - FCM_RBF.py[line:105] - INFO: 平均绝对误差:0.04956460192596889,均方根误差:0.064941788274696, r2:0.9615907268780421
2022-09-19 17:04:03,730 - FCM_RBF.py[line:106] - INFO: -----------------------------------------------------------------------
2022-09-19 17:05:10,706 - FCM_RBF.py[line:118] - INFO: 最终神经元参数:
中心向量:[[0.94443697 0.94489068 1.10053154 0.8608156 ]
 [0.55257836 0.92022008 0.47941455 1.17964482]
 [0.55669335 0.93865389 0.61024115 1.3175066 ]
 [0.52116341 0.88395312 0.41676412 1.09135485]
 [0.78656508 0.93722229 0.77387752 0.91912791]]
宽度:[0.25666737 0.56838706 0.64148301 0.28251528 1.05949548]
权重:[0.86717121 0.71461007 1.54233121 0.72023427 0.87522273]
2022-09-19 17:05:10,707 - FCM_RBF.py[line:105] - INFO: 平均绝对误差:0.051220093235069715,均方根误差:0.0656334011896235, r2:0.9637307661478015
2022-09-19 17:05:10,707 - FCM_RBF.py[line:106] - INFO: -----------------------------------------------------------------------
2022-09-19 17:05:45,019 - FCM_RBF.py[line:118] - INFO: 最终神经元参数:
中心向量:[[0.61074986 0.94892596 0.58395852 1.19398657]
 [0.89840185 0.97248957 0.96774383 0.87673085]
 [0.88496592 0.96274457 1.1185687  1.09491341]
 [0.5027847  0.88591785 0.3311797  1.04414042]
 [0.60943865 0.9438508  0.72782016 1.3411017 ]]
宽度:[0.7987589  1.11669498 0.36531888 0.28975515 0.5912364 ]
权重:[0.84028911 0.9197371  0.82778305 1.01147816 1.0873833 ]
2022-09-19 17:05:45,020 - FCM_RBF.py[line:105] - INFO: 平均绝对误差:0.052165492331850916,均方根误差:0.06755704693987986, r2:0.9600135703629087
2022-09-19 17:05:45,020 - FCM_RBF.py[line:106] - INFO: -----------------------------------------------------------------------
2022-09-19 17:06:29,801 - FCM_RBF.py[line:118] - INFO: 最终神经元参数:
中心向量:[[0.89796034 0.95619547 1.05182594 0.89200867]
 [0.5595511  0.9212857  0.28726344 0.93123595]
 [0.59615593 0.84916888 0.67233995 1.12999215]
 [0.74017708 0.94297286 0.80698106 1.13988707]
 [0.65033303 0.90244793 0.45813638 0.85425183]]
宽度:[0.24627037 0.24863319 0.28035432 0.91384722 1.03227231]
权重:[0.87965927 0.74763429 1.20228888 1.35769894 0.69302613]
2022-09-19 17:06:29,802 - FCM_RBF.py[line:105] - INFO: 平均绝对误差:0.06040733268079046,均方根误差:0.07632330148635098, r2:0.9469782836028025
2022-09-19 17:06:29,802 - FCM_RBF.py[line:106] - INFO: -----------------------------------------------------------------------
2022-09-19 17:07:25,602 - FCM_RBF.py[line:118] - INFO: 最终神经元参数:
中心向量:[[0.73826044 0.94136257 0.75022881 0.89834535]
 [0.90916177 0.94097752 1.06673463 0.78971338]
 [0.51896925 0.94608266 0.53401332 1.1044154 ]
 [0.43626699 0.91383141 0.48170667 1.17760694]
 [0.49502638 0.95586123 0.56536645 1.17782469]]
宽度:[1.08224439 0.23894156 0.55299803 0.33291354 0.53857398]
权重:[1.04617858 0.86388414 0.75452998 1.09061312 1.05741661]
2022-09-19 17:07:25,603 - FCM_RBF.py[line:105] - INFO: 平均绝对误差:0.07270200368159242,均方根误差:0.0979245494619321, r2:0.9147376599383985
2022-09-19 17:07:25,604 - FCM_RBF.py[line:106] - INFO: -----------------------------------------------------------------------
2022-09-20 08:28:42,310 - FCM_RBF.py[line:119] - INFO: 最终神经元参数:
中心向量:[[0.66640841 0.98119707 0.88701905 1.18882985]
 [0.62378893 0.91855444 0.4930803  0.94341945]
 [0.44248962 0.89878215 0.35838312 1.07259073]
 [0.58265796 0.91688932 0.48837607 0.95103125]
 [0.78577121 0.97320349 1.14066947 1.18179257]]
宽度:[0.79368272 1.05623282 0.31303868 0.77610356 0.47609576]
权重:[1.13352915 0.60259649 1.35945786 0.44358418 1.28868267]
2022-09-20 08:28:42,317 - FCM_RBF.py[line:105] - INFO: 平均绝对误差:0.08661775164785178,均方根误差:0.11036919827061777, r2:0.883822321564688
2022-09-20 08:28:42,318 - FCM_RBF.py[line:106] - INFO: -----------------------------------------------------------------------
2022-09-20 08:28:42,319 - FCM_RBF.py[line:105] - INFO: 平均绝对误差:2.2299296482412063,均方根误差:2.2331199753082243, r2:-349.2331002700582
2022-09-20 08:28:42,319 - FCM_RBF.py[line:106] - INFO: -----------------------------------------------------------------------
2022-09-20 08:31:05,315 - FCM_RBF.py[line:119] - INFO: 最终神经元参数:
中心向量:[[0.53404235 0.95135164 0.49869586 1.0505056 ]
 [0.57782192 0.92171565 0.49332654 0.95764033]
 [0.40553369 0.90999316 0.43512881 1.19848505]
 [0.71895182 0.98993164 1.019575   1.16539831]
 [0.91590625 0.93630822 1.05098091 0.79227657]]
宽度:[0.75793951 0.77953784 0.3766293  0.71277985 0.21094692]
权重:[0.79479689 0.55789512 1.67526427 1.26966083 0.58592967]
2022-09-20 08:31:05,316 - FCM_RBF.py[line:105] - INFO: 平均绝对误差:0.07281386466211422,均方根误差:0.09788761264911382, r2:0.9182353474222027
2022-09-20 08:31:05,316 - FCM_RBF.py[line:106] - INFO: -----------------------------------------------------------------------
2022-09-20 08:31:05,317 - FCM_RBF.py[line:105] - INFO: 平均绝对误差:1.7944828208733314,均方根误差:1.795394105102465, r2:-1482.6538786581323
2022-09-20 08:31:05,317 - FCM_RBF.py[line:106] - INFO: -----------------------------------------------------------------------
2022-09-20 08:33:21,994 - FCM_RBF.py[line:119] - INFO: 最终神经元参数:
中心向量:[[0.56119533 0.95790626 0.49742951 1.04053084]
 [0.76169089 0.98740298 0.9245021  1.03092658]
 [0.41365752 0.90330104 0.36125177 1.08641071]
 [0.44558243 0.94158607 0.59605424 1.2992598 ]
 [0.95350232 0.98937092 1.2245937  0.93825915]]
宽度:[0.7519446  0.93417337 0.30978166 0.57673263 0.37267181]
权重:[0.59554853 1.06420321 0.9252869  1.41435724 0.8679633 ]
2022-09-20 08:33:21,995 - FCM_RBF.py[line:105] - INFO: 平均绝对误差:0.07045098431725583,均方根误差:0.09456109202021797, r2:0.9163362175966185
2022-09-20 08:33:21,995 - FCM_RBF.py[line:106] - INFO: -----------------------------------------------------------------------
2022-09-20 08:33:21,996 - FCM_RBF.py[line:105] - INFO: 平均绝对误差:0.4625269776399815,均方根误差:0.46785489703064237, r2:-14.372887005226783
2022-09-20 08:33:21,996 - FCM_RBF.py[line:106] - INFO: -----------------------------------------------------------------------
2022-09-20 08:37:38,493 - FCM_RBF.py[line:119] - INFO: 最终神经元参数:
中心向量:[[0.56508062 0.91818619 0.53076704 1.03484132]
 [0.68762979 0.89935695 0.86657587 0.99884247]
 [0.99069192 0.92679109 1.0718418  0.70732979]
 [0.66245292 0.9396604  0.73372098 1.07516545]
 [0.3926075  0.91192514 0.34912107 1.11412571]]
宽度:[0.81684887 0.27418697 0.20519479 0.93221017 0.33829632]
权重:[0.88838313 0.76442208 0.52963228 1.22807608 1.59032118]
2022-09-20 08:37:38,494 - FCM_RBF.py[line:105] - INFO: 平均绝对误差:0.07485235239306864,均方根误差:0.09692960447741557, r2:0.888687373586203
2022-09-20 08:37:38,494 - FCM_RBF.py[line:106] - INFO: -----------------------------------------------------------------------
2022-09-20 08:37:38,494 - FCM_RBF.py[line:105] - INFO: 平均绝对误差:0.38063130717887633,均方根误差:0.4100016006307142, r2:-14.352488475733221
2022-09-20 08:37:38,494 - FCM_RBF.py[line:106] - INFO: -----------------------------------------------------------------------
2022-09-20 08:41:40,372 - FCM_RBF.py[line:119] - INFO: 最终神经元参数:
中心向量:[[0.76507857 0.90960849 1.06431182 0.54775205]
 [0.70971728 0.87364259 0.84993325 0.75093544]
 [0.61787439 0.88298009 1.18963018 0.79791873]
 [0.48757485 0.84529153 0.67313385 0.95757147]
 [0.56925078 0.83934287 0.53451642 0.69428938]]
宽度:[0.34687903 0.87267453 0.38762291 0.67835842 0.80575822]
权重:[0.52492249 0.72189213 0.92520618 0.63970649 0.42078956]
2022-09-20 08:41:40,373 - FCM_RBF.py[line:105] - INFO: 平均绝对误差:0.11699519761579869,均方根误差:0.14698634518166773, r2:-0.9731570714298194
2022-09-20 08:41:40,373 - FCM_RBF.py[line:106] - INFO: -----------------------------------------------------------------------
2022-09-20 08:52:37,443 - FCM_RBF.py[line:118] - INFO: 最终神经元参数:
中心向量:[[0.50482864 0.85094363 1.12590428 0.9312233 ]
 [0.88997071 0.9252888  0.79380223 0.62458719]
 [0.6032708  0.87220294 0.62440777 0.74421765]
 [0.5572679  0.85359172 0.86978049 0.70467726]
 [0.64261873 0.8842689  1.00376433 0.69217493]]
宽度:[0.20626579 0.00133602 1.03095277 0.53544636 0.51169706]
权重:[0.92434758 0.26337668 1.03943871 0.67545889 0.8729462 ]
2022-09-20 08:52:37,444 - FCM_RBF.py[line:105] - INFO: 平均绝对误差:0.13779089612747833,均方根误差:0.1736663875625437, r2:-1.7544774220813504
2022-09-20 08:52:37,444 - FCM_RBF.py[line:106] - INFO: -----------------------------------------------------------------------
2022-09-20 08:56:16,159 - FCM_RBF.py[line:118] - INFO: 最终神经元参数:
中心向量:[[0.16020162 0.79503762 0.73328978 0.76513719]
 [0.37032474 0.82639579 1.21548117 0.95659174]
 [0.56079191 0.82976429 0.76858037 0.61281077]
 [0.6184215  0.82018656 1.02750157 0.56400856]
 [0.38770173 0.81649947 1.18311925 0.76509421]]
宽度:[0.22892235 0.22323817 0.75044629 0.63123956 0.49291095]
权重:[0.57878091 1.24199301 0.65071095 1.71923657 1.2149609 ]
2022-09-20 08:56:16,160 - FCM_RBF.py[line:105] - INFO: 平均绝对误差:0.3339190932590917,均方根误差:0.4111115919076119, r2:-1.8209276469997375
2022-09-20 08:56:16,160 - FCM_RBF.py[line:106] - INFO: -----------------------------------------------------------------------
